[+] Containers:
 |- [+] Container: /Game/FirstPerson/Maps/FirstPersonMap
 |   |- [+] ActorDescs:
 |   |   |- Guid:2C5D93C54F8EF6F1EAF564874141E737 BaseClass:/Game/FirstPerson/Blueprints/BP_Zone.BP_Zone_C NativeClass:/Script/Engine.Actor Name:BP_Zone_C_UAID_088FC3545B9DE88001_1126212160 Label:BP_Zone SpatiallyLoaded:1 Bounds:IsValid=true, Min=(X=1716.382 Y=-814.451 Z=-106.234), Max=(X=2463.953 Y=-369.162 Z=401.494) RuntimeGrid:None EditorOnly:0 RuntimeOnly:0 HLODRelevant:0
 |   |   |- Guid:3C2E7669459257655E2A91810F47224B BaseClass: NativeClass:/Script/Engine.StaticMeshActor Name:StaticMeshActor_UAID_088FC3545B9D097F01_1459105855 Label:Shape_Cube SpatiallyLoaded:1 Bounds:IsValid=true, Min=(X=1040.000 Y=1215.000 Z=0.000), Max=(X=1440.000 Y=1365.000 Z=75.000) RuntimeGrid:None EditorOnly:0 RuntimeOnly:0 HLODRelevant:1
 |   |   |- Guid:5AE8DE354C1133E47DAEA5ABA14DFC02 BaseClass:/Game/table/BP_tablecachette.BP_tablecachette_C NativeClass:/Script/Engine.Actor Name:BP_tablecachette_C_UAID_088FC3545B9D388101_1970176239 Label:BP_tablecachette SpatiallyLoaded:1 Bounds:IsValid=true, Min=(X=511.157 Y=-706.985 Z=8.208), Max=(X=681.494 Y=-541.188 Z=102.629) RuntimeGrid:None EditorOnly:0 RuntimeOnly:0 HLODRelevant:0
 |   |   |- Guid:5FE7584649BB6F09265329A6C57CFD0D BaseClass: NativeClass:/Script/Engine.VolumetricCloud Name:VolumetricCloud_0 Label:VolumetricCloud SpatiallyLoaded:0 Bounds:IsValid=true, Min=(X=0.000 Y=0.000 Z=820.000), Max=(X=0.000 Y=0.000 Z=820.000) RuntimeGrid:None EditorOnly:0 RuntimeOnly:0 HLODRelevant:0 FolderPath:Lighting FolderGuid:0BA5F0A04EADB18E70D5B180D08FA34B
 |   |   |- Guid:61391D344900612A77DFC3BA3E354907 BaseClass: NativeClass:/Script/Engine.ExponentialHeightFog Name:ExponentialHeightFog_0 Label:ExponentialHeightFog SpatiallyLoaded:0 Bounds:IsValid=true, Min=(X=-5600.000 Y=-50.000 Z=-6850.000), Max=(X=-5600.000 Y=-50.000 Z=-6850.000) RuntimeGrid:None EditorOnly:0 RuntimeOnly:0 HLODRelevant:0 FolderPath:Lighting FolderGuid:0BA5F0A04EADB18E70D5B180D08FA34B
 |   |   |- Guid:6FEFB3BD4EB37B849EF0D4AC80F83855 BaseClass: NativeClass:/Script/Engine.WorldDataLayers Name:WorldDataLayers Label:WorldDataLayers SpatiallyLoaded:0 Bounds:IsValid=true, Min=(X=0.000 Y=0.000 Z=0.000), Max=(X=0.000 Y=0.000 Z=0.000) RuntimeGrid:None EditorOnly:0 RuntimeOnly:0 HLODRelevant:0
 |   |   |- Guid:77906C0E4867035F517315ABFFAC7127 BaseClass: NativeClass:/Script/NavigationSystem.NavMeshBoundsVolume Name:NavMeshBoundsVolume_UAID_088FC3545B9DAD7F01_2038268727 Label:NavMeshBoundsVolume SpatiallyLoaded:0 Bounds:IsValid=true, Min=(X=-368.756 Y=905.636 Z=-36.486), Max=(X=2988.756 Y=3863.147 Z=63.514) RuntimeGrid:None EditorOnly:0 RuntimeOnly:0 HLODRelevant:0
 |   |   |- Guid:78CAF7514C7533F30BD2F19A017AAB65 BaseClass: NativeClass:/Script/Engine.StaticMeshActor Name:StaticMeshActor_0 Label:SM_Cube SpatiallyLoaded:1 Bounds:IsValid=true, Min=(X=-1654.246 Y=-1172.789 Z=-50.000), Max=(X=3741.317 Y=4722.774 Z=0.000) RuntimeGrid:None EditorOnly:0 RuntimeOnly:0 HLODRelevant:1 FolderPath:Playground FolderGuid:6C02BB504B69D1F3D7A624B130C18E5B
 |   |   |- Guid:87BDC6B04AD732E00CBF4286348DF133 BaseClass: NativeClass:/Script/NavigationSystem.RecastNavMesh Name:RecastNavMesh_UAID_088FC3545B9DAD7F01-Default Label:RecastNavMesh-Default SpatiallyLoaded:0 Bounds:IsValid=true, Min=(X=0.000 Y=0.000 Z=0.000), Max=(X=0.000 Y=0.000 Z=0.000) RuntimeGrid:None EditorOnly:0 RuntimeOnly:0 HLODRelevant:0
 |   |   |- Guid:990C81694F038F9F17C1E493C858BA71 BaseClass:/Game/BP_note.BP_note_C NativeClass:/Script/Engine.Actor Name:BP_note_C_UAID_088FC3545B9D8D8101_1768435274 Label:BP_note SpatiallyLoaded:1 Bounds:IsValid=true, Min=(X=-293.637 Y=-222.036 Z=-39.123), Max=(X=-94.374 Y=-14.377 Z=42.934) RuntimeGrid:None EditorOnly:0 RuntimeOnly:0 HLODRelevant:0
 |   |   |- Guid:A028EE904685AABDE8B2CBB43D5F51E7 BaseClass:/Game/baseAI.baseAI_C NativeClass:/Script/Engine.Character Name:baseAI_C_UAID_088FC3545B9DAC7F01_1696848547 Label:baseAI SpatiallyLoaded:1 Bounds:IsValid=true, Min=(X=1045.000 Y=1045.000 Z=0.000), Max=(X=1117.576 Y=1115.000 Z=181.332) RuntimeGrid:None EditorOnly:0 RuntimeOnly:0 HLODRelevant:0
 |   |   |- Guid:A354B1B24E617A525DC6B48CCDE2417E BaseClass: NativeClass:/Script/Engine.PlayerStart Name:PlayerStart_0 Label:PlayerStart SpatiallyLoaded:0 Bounds:IsValid=true, Min=(X=924.801 Y=234.870 Z=0.013), Max=(X=1004.801 Y=314.870 Z=184.013) RuntimeGrid:None EditorOnly:0 RuntimeOnly:0 HLODRelevant:0
 |   |   |- Guid:C0C56B9644AE3D40CAFF6A878DB29844 BaseClass: NativeClass:/Script/Engine.StaticMeshActor Name:StaticMeshActor_UAID_A4AE111137DC5EFB00_2001720423 Label:SM_SkySphere SpatiallyLoaded:0 Bounds:IsValid=true, Min=(X=-1638400.000 Y=-1638400.000 Z=-1638400.000), Max=(X=1638400.000 Y=1638400.000 Z=1638400.000) RuntimeGrid:None EditorOnly:0 RuntimeOnly:0 HLODRelevant:1 FolderPath:Lighting FolderGuid:0BA5F0A04EADB18E70D5B180D08FA34B
 |   |   |- Guid:C22CE07C4B87D685137FDBBC10FC92C6 BaseClass: NativeClass:/Script/Engine.SkyAtmosphere Name:SkyAtmosphere_0 Label:SkyAtmosphere SpatiallyLoaded:0 Bounds:IsValid=true, Min=(X=0.000 Y=0.000 Z=1020.000), Max=(X=0.000 Y=0.000 Z=1020.000) RuntimeGrid:None EditorOnly:0 RuntimeOnly:0 HLODRelevant:0 FolderPath:Lighting FolderGuid:0BA5F0A04EADB18E70D5B180D08FA34B
 |   |   |- Guid:C3F2CC664D973A53AFEBB7A24DB4E7BB BaseClass:/Game/armoire/BP_tiroir.BP_tiroir_C NativeClass:/Script/Engine.Actor Name:BP_tiroir_C_UAID_088FC3545B9D7E8101_1721976559 Label:BP_tiroir SpatiallyLoaded:1 Bounds:IsValid=true, Min=(X=162.727 Y=-609.806 Z=1.506), Max=(X=225.609 Y=-544.645 Z=154.429) RuntimeGrid:None EditorOnly:0 RuntimeOnly:0 HLODRelevant:1
 |   |   |- Guid:C9E1AB174009CCA0F468B99EE60B10C3 BaseClass:/Game/casier/BP_casier.BP_casier_C NativeClass:/Script/Engine.Actor Name:BP_casier_C_UAID_088FC3545B9DEC8001_1956813865 Label:BP_casier SpatiallyLoaded:1 Bounds:IsValid=true, Min=(X=910.455 Y=-667.759 Z=-1.249), Max=(X=1040.473 Y=-472.800 Z=215.415) RuntimeGrid:None EditorOnly:0 RuntimeOnly:0 HLODRelevant:0
 |   |   |- Guid:CE8D82634660FCDB3120E2B8D547C533 BaseClass: NativeClass:/Script/Engine.PostProcessVolume Name:PostProcessVolume_0 Label:PostProcessVolume SpatiallyLoaded:0 Bounds:IsValid=true, Min=(X=0.000 Y=0.000 Z=400.000), Max=(X=200.000 Y=200.000 Z=600.000) RuntimeGrid:None EditorOnly:0 RuntimeOnly:0 HLODRelevant:0 FolderPath:Lighting FolderGuid:0BA5F0A04EADB18E70D5B180D08FA34B
 |   |   |- Guid:E5320C1B4FD9764CE7B54D8487AEC613 BaseClass: NativeClass:/Script/Engine.SkyLight Name:SkyLight_0 Label:SkyLight SpatiallyLoaded:0 Bounds:IsValid=true, Min=(X=0.000 Y=0.000 Z=690.000), Max=(X=0.000 Y=0.000 Z=690.000) RuntimeGrid:None EditorOnly:0 RuntimeOnly:0 HLODRelevant:0 FolderPath:Lighting FolderGuid:0BA5F0A04EADB18E70D5B180D08FA34B
 |   |   |- Guid:E59FD4B047792362668DF88F994544F8 BaseClass:/Game/AIchase.AIchase_C NativeClass:/Script/Engine.Character Name:AIchase_C_UAID_088FC3545B9D428101_1449485002 Label:AIchase SpatiallyLoaded:1 Bounds:IsValid=true, Min=(X=1656.448 Y=1295.676 Z=-0.112), Max=(X=1729.024 Y=1365.676 Z=180.332) RuntimeGrid:None EditorOnly:0 RuntimeOnly:0 HLODRelevant:0
 |   |   |- Guid:F72040F740AC6E0A068E9199A3C24C68 BaseClass:/Game/BP_Spline.BP_Spline_C NativeClass:/Script/Engine.Actor Name:BP_Spline_C_UAID_088FC3545B9DA97F01_2095446016 Label:BP_Spline SpatiallyLoaded:1 Bounds:IsValid=true, Min=(X=944.081 Y=1145.556 Z=0.000), Max=(X=1550.257 Y=1420.000 Z=0.000) RuntimeGrid:None EditorOnly:0 RuntimeOnly:0 HLODRelevant:0
 |   |   |- Guid:F80621C9446867154938FE81375207DA BaseClass: NativeClass:/Script/Engine.DirectionalLight Name:DirectionalLight_1 Label:DirectionalLight SpatiallyLoaded:0 Bounds:IsValid=true, Min=(X=-4398046511104.000 Y=-4398046511104.000 Z=-4398046511104.000), Max=(X=4398046511104.000 Y=4398046511104.000 Z=4398046511104.000) RuntimeGrid:None EditorOnly:0 RuntimeOnly:0 HLODRelevant:0 FolderPath:Lighting FolderGuid:0BA5F0A04EADB18E70D5B180D08FA34B
 |   |- [+] Clusters:
 |   |   |- [+] [  0]
 |   |   |   |- Guid:61391D344900612A77DFC3BA3E354907 BaseClass: NativeClass:/Script/Engine.ExponentialHeightFog Name:ExponentialHeightFog_0 Label:ExponentialHeightFog SpatiallyLoaded:0 Bounds:IsValid=true, Min=(X=-5600.000 Y=-50.000 Z=-6850.000), Max=(X=-5600.000 Y=-50.000 Z=-6850.000) RuntimeGrid:None EditorOnly:0 RuntimeOnly:0 HLODRelevant:0 FolderPath:Lighting FolderGuid:0BA5F0A04EADB18E70D5B180D08FA34B
 |   |   |- [+] [  1]
 |   |   |   |- Guid:5FE7584649BB6F09265329A6C57CFD0D BaseClass: NativeClass:/Script/Engine.VolumetricCloud Name:VolumetricCloud_0 Label:VolumetricCloud SpatiallyLoaded:0 Bounds:IsValid=true, Min=(X=0.000 Y=0.000 Z=820.000), Max=(X=0.000 Y=0.000 Z=820.000) RuntimeGrid:None EditorOnly:0 RuntimeOnly:0 HLODRelevant:0 FolderPath:Lighting FolderGuid:0BA5F0A04EADB18E70D5B180D08FA34B
 |   |   |- [+] [  2]
 |   |   |   |- Guid:F80621C9446867154938FE81375207DA BaseClass: NativeClass:/Script/Engine.DirectionalLight Name:DirectionalLight_1 Label:DirectionalLight SpatiallyLoaded:0 Bounds:IsValid=true, Min=(X=-4398046511104.000 Y=-4398046511104.000 Z=-4398046511104.000), Max=(X=4398046511104.000 Y=4398046511104.000 Z=4398046511104.000) RuntimeGrid:None EditorOnly:0 RuntimeOnly:0 HLODRelevant:0 FolderPath:Lighting FolderGuid:0BA5F0A04EADB18E70D5B180D08FA34B
 |   |   |- [+] [  3]
 |   |   |   |- Guid:77906C0E4867035F517315ABFFAC7127 BaseClass: NativeClass:/Script/NavigationSystem.NavMeshBoundsVolume Name:NavMeshBoundsVolume_UAID_088FC3545B9DAD7F01_2038268727 Label:NavMeshBoundsVolume SpatiallyLoaded:0 Bounds:IsValid=true, Min=(X=-368.756 Y=905.636 Z=-36.486), Max=(X=2988.756 Y=3863.147 Z=63.514) RuntimeGrid:None EditorOnly:0 RuntimeOnly:0 HLODRelevant:0
 |   |   |- [+] [  4]
 |   |   |   |- Guid:990C81694F038F9F17C1E493C858BA71 BaseClass:/Game/BP_note.BP_note_C NativeClass:/Script/Engine.Actor Name:BP_note_C_UAID_088FC3545B9D8D8101_1768435274 Label:BP_note SpatiallyLoaded:1 Bounds:IsValid=true, Min=(X=-293.637 Y=-222.036 Z=-39.123), Max=(X=-94.374 Y=-14.377 Z=42.934) RuntimeGrid:None EditorOnly:0 RuntimeOnly:0 HLODRelevant:0
 |   |   |- [+] [  5]
 |   |   |   |- Guid:87BDC6B04AD732E00CBF4286348DF133 BaseClass: NativeClass:/Script/NavigationSystem.RecastNavMesh Name:RecastNavMesh_UAID_088FC3545B9DAD7F01-Default Label:RecastNavMesh-Default SpatiallyLoaded:0 Bounds:IsValid=true, Min=(X=0.000 Y=0.000 Z=0.000), Max=(X=0.000 Y=0.000 Z=0.000) RuntimeGrid:None EditorOnly:0 RuntimeOnly:0 HLODRelevant:0
 |   |   |- [+] [  6]
 |   |   |   |- Guid:2C5D93C54F8EF6F1EAF564874141E737 BaseClass:/Game/FirstPerson/Blueprints/BP_Zone.BP_Zone_C NativeClass:/Script/Engine.Actor Name:BP_Zone_C_UAID_088FC3545B9DE88001_1126212160 Label:BP_Zone SpatiallyLoaded:1 Bounds:IsValid=true, Min=(X=1716.382 Y=-814.451 Z=-106.234), Max=(X=2463.953 Y=-369.162 Z=401.494) RuntimeGrid:None EditorOnly:0 RuntimeOnly:0 HLODRelevant:0
 |   |   |- [+] [  7]
 |   |   |   |- Guid:F72040F740AC6E0A068E9199A3C24C68 BaseClass:/Game/BP_Spline.BP_Spline_C NativeClass:/Script/Engine.Actor Name:BP_Spline_C_UAID_088FC3545B9DA97F01_2095446016 Label:BP_Spline SpatiallyLoaded:1 Bounds:IsValid=true, Min=(X=944.081 Y=1145.556 Z=0.000), Max=(X=1550.257 Y=1420.000 Z=0.000) RuntimeGrid:None EditorOnly:0 RuntimeOnly:0 HLODRelevant:0
 |   |   |- [+] [  8]
 |   |   |   |- Guid:3C2E7669459257655E2A91810F47224B BaseClass: NativeClass:/Script/Engine.StaticMeshActor Name:StaticMeshActor_UAID_088FC3545B9D097F01_1459105855 Label:Shape_Cube SpatiallyLoaded:1 Bounds:IsValid=true, Min=(X=1040.000 Y=1215.000 Z=0.000), Max=(X=1440.000 Y=1365.000 Z=75.000) RuntimeGrid:None EditorOnly:0 RuntimeOnly:0 HLODRelevant:1
 |   |   |- [+] [  9]
 |   |   |   |- Guid:E5320C1B4FD9764CE7B54D8487AEC613 BaseClass: NativeClass:/Script/Engine.SkyLight Name:SkyLight_0 Label:SkyLight SpatiallyLoaded:0 Bounds:IsValid=true, Min=(X=0.000 Y=0.000 Z=690.000), Max=(X=0.000 Y=0.000 Z=690.000) RuntimeGrid:None EditorOnly:0 RuntimeOnly:0 HLODRelevant:0 FolderPath:Lighting FolderGuid:0BA5F0A04EADB18E70D5B180D08FA34B
 |   |   |- [+] [ 10]
 |   |   |   |- Guid:C3F2CC664D973A53AFEBB7A24DB4E7BB BaseClass:/Game/armoire/BP_tiroir.BP_tiroir_C NativeClass:/Script/Engine.Actor Name:BP_tiroir_C_UAID_088FC3545B9D7E8101_1721976559 Label:BP_tiroir SpatiallyLoaded:1 Bounds:IsValid=true, Min=(X=162.727 Y=-609.806 Z=1.506), Max=(X=225.609 Y=-544.645 Z=154.429) RuntimeGrid:None EditorOnly:0 RuntimeOnly:0 HLODRelevant:1
 |   |   |- [+] [ 11]
 |   |   |   |- Guid:78CAF7514C7533F30BD2F19A017AAB65 BaseClass: NativeClass:/Script/Engine.StaticMeshActor Name:StaticMeshActor_0 Label:SM_Cube SpatiallyLoaded:1 Bounds:IsValid=true, Min=(X=-1654.246 Y=-1172.789 Z=-50.000), Max=(X=3741.317 Y=4722.774 Z=0.000) RuntimeGrid:None EditorOnly:0 RuntimeOnly:0 HLODRelevant:1 FolderPath:Playground FolderGuid:6C02BB504B69D1F3D7A624B130C18E5B
 |   |   |- [+] [ 12]
 |   |   |   |- Guid:5AE8DE354C1133E47DAEA5ABA14DFC02 BaseClass:/Game/table/BP_tablecachette.BP_tablecachette_C NativeClass:/Script/Engine.Actor Name:BP_tablecachette_C_UAID_088FC3545B9D388101_1970176239 Label:BP_tablecachette SpatiallyLoaded:1 Bounds:IsValid=true, Min=(X=511.157 Y=-706.985 Z=8.208), Max=(X=681.494 Y=-541.188 Z=102.629) RuntimeGrid:None EditorOnly:0 RuntimeOnly:0 HLODRelevant:0
 |   |   |- [+] [ 13]
 |   |   |   |- Guid:A354B1B24E617A525DC6B48CCDE2417E BaseClass: NativeClass:/Script/Engine.PlayerStart Name:PlayerStart_0 Label:PlayerStart SpatiallyLoaded:0 Bounds:IsValid=true, Min=(X=924.801 Y=234.870 Z=0.013), Max=(X=1004.801 Y=314.870 Z=184.013) RuntimeGrid:None EditorOnly:0 RuntimeOnly:0 HLODRelevant:0
 |   |   |- [+] [ 14]
 |   |   |   |- Guid:C22CE07C4B87D685137FDBBC10FC92C6 BaseClass: NativeClass:/Script/Engine.SkyAtmosphere Name:SkyAtmosphere_0 Label:SkyAtmosphere SpatiallyLoaded:0 Bounds:IsValid=true, Min=(X=0.000 Y=0.000 Z=1020.000), Max=(X=0.000 Y=0.000 Z=1020.000) RuntimeGrid:None EditorOnly:0 RuntimeOnly:0 HLODRelevant:0 FolderPath:Lighting FolderGuid:0BA5F0A04EADB18E70D5B180D08FA34B
 |   |   |- [+] [ 15]
 |   |   |   |- Guid:C0C56B9644AE3D40CAFF6A878DB29844 BaseClass: NativeClass:/Script/Engine.StaticMeshActor Name:StaticMeshActor_UAID_A4AE111137DC5EFB00_2001720423 Label:SM_SkySphere SpatiallyLoaded:0 Bounds:IsValid=true, Min=(X=-1638400.000 Y=-1638400.000 Z=-1638400.000), Max=(X=1638400.000 Y=1638400.000 Z=1638400.000) RuntimeGrid:None EditorOnly:0 RuntimeOnly:0 HLODRelevant:1 FolderPath:Lighting FolderGuid:0BA5F0A04EADB18E70D5B180D08FA34B
 |   |   |- [+] [ 16]
 |   |   |   |- Guid:6FEFB3BD4EB37B849EF0D4AC80F83855 BaseClass: NativeClass:/Script/Engine.WorldDataLayers Name:WorldDataLayers Label:WorldDataLayers SpatiallyLoaded:0 Bounds:IsValid=true, Min=(X=0.000 Y=0.000 Z=0.000), Max=(X=0.000 Y=0.000 Z=0.000) RuntimeGrid:None EditorOnly:0 RuntimeOnly:0 HLODRelevant:0
 |   |   |- [+] [ 17]
 |   |   |   |- Guid:A028EE904685AABDE8B2CBB43D5F51E7 BaseClass:/Game/baseAI.baseAI_C NativeClass:/Script/Engine.Character Name:baseAI_C_UAID_088FC3545B9DAC7F01_1696848547 Label:baseAI SpatiallyLoaded:1 Bounds:IsValid=true, Min=(X=1045.000 Y=1045.000 Z=0.000), Max=(X=1117.576 Y=1115.000 Z=181.332) RuntimeGrid:None EditorOnly:0 RuntimeOnly:0 HLODRelevant:0
 |   |   |- [+] [ 18]
 |   |   |   |- Guid:C9E1AB174009CCA0F468B99EE60B10C3 BaseClass:/Game/casier/BP_casier.BP_casier_C NativeClass:/Script/Engine.Actor Name:BP_casier_C_UAID_088FC3545B9DEC8001_1956813865 Label:BP_casier SpatiallyLoaded:1 Bounds:IsValid=true, Min=(X=910.455 Y=-667.759 Z=-1.249), Max=(X=1040.473 Y=-472.800 Z=215.415) RuntimeGrid:None EditorOnly:0 RuntimeOnly:0 HLODRelevant:0
 |   |   |- [+] [ 19]
 |   |   |   |- Guid:CE8D82634660FCDB3120E2B8D547C533 BaseClass: NativeClass:/Script/Engine.PostProcessVolume Name:PostProcessVolume_0 Label:PostProcessVolume SpatiallyLoaded:0 Bounds:IsValid=true, Min=(X=0.000 Y=0.000 Z=400.000), Max=(X=200.000 Y=200.000 Z=600.000) RuntimeGrid:None EditorOnly:0 RuntimeOnly:0 HLODRelevant:0 FolderPath:Lighting FolderGuid:0BA5F0A04EADB18E70D5B180D08FA34B
 |   |   |- [+] [ 20]
 |   |   |   |- Guid:E59FD4B047792362668DF88F994544F8 BaseClass:/Game/AIchase.AIchase_C NativeClass:/Script/Engine.Character Name:AIchase_C_UAID_088FC3545B9D428101_1449485002 Label:AIchase SpatiallyLoaded:1 Bounds:IsValid=true, Min=(X=1656.448 Y=1295.676 Z=-0.112), Max=(X=1729.024 Y=1365.676 Z=180.332) RuntimeGrid:None EditorOnly:0 RuntimeOnly:0 HLODRelevant:0
 |- ContainerInstances:
 |- [+] MainContainer:
 |   |-        ID: 0x0000000000000000
 |   |-    Bounds: IsValid=false, Min=(X=0.000 Y=0.000 Z=0.000), Max=(X=0.000 Y=0.000 Z=0.000)
 |   |- Transform: 0.000000,0.000000,0.000000|0.000000,0.000000,-0.000000|1.000000,1.000000,1.000000
 |   |- Container: /Game/FirstPerson/Maps/FirstPersonMap
----------------------------------------------------------------------------------------------------------------
FirstPersonMap - Persistent Level
----------------------------------------------------------------------------------------------------------------
Always loaded Actor Count: 28 

----------------------------------------------------------------------------------------------------------------
FirstPersonMap - Runtime Spatial Hash - Streaming Grid - MainGrid
----------------------------------------------------------------------------------------------------------------
            Origin: X=0.000 Y=0.000 Z=0.000
         Cell Size: 12800
      World Bounds: IsValid=false, Min=(X=0.000 Y=0.000 Z=0.000), Max=(X=0.000 Y=0.000 Z=0.000)
     Loading Range: 25600.00
Block Slow Loading: No
 ClientOnlyVisible: No

[+] Grid Levels: 1
 |- Level  0: Cell Count    0 | Cell Size   12800 | Actor Count    0 (0.0%)

[+] Content of Grid Level 0

